<?xml version="1.0" encoding="UTF-8"?>
<!-- Generated by org.testng.reporters.JUnitReportReporter -->
<testsuite hostname="MacBook-Pro-de-Danny.local" failures="0" tests="1" name="expediaAutomationTestNg.ExpediaAutomation" time="0.005" errors="0" timestamp="2020-11-25T19:38:15 EST" skipped="0">
  <testcase classname="expediaAutomationTestNg.ExpediaAutomation" name="testDataFromXml" time="0.005"/>
  <system-out/>
</testsuite> <!-- expediaAutomationTestNg.ExpediaAutomation -->
