<?xml version="1.0" encoding="UTF-8"?>
<!-- Generated by org.testng.reporters.JUnitReportReporter -->
<testsuite hostname="MacBook-Pro-de-Danny.local" failures="0" tests="2" name="expediaAutomationTestNg.ExpediaAutomation" time="34.543" errors="0" timestamp="2020-12-16T18:41:52 EST" skipped="0">
  <testcase classname="expediaAutomationTestNg.ExpediaAutomation" name="test" time="34.541"/>
  <system-out/>
  <testcase classname="expediaAutomationTestNg.ExpediaAutomation" name="testDataFromXml" time="0.002"/>
  <system-out/>
</testsuite> <!-- expediaAutomationTestNg.ExpediaAutomation -->
